x64\debug\cuda_kdtree.cu.obj
x64\debug\kde_cuda_kdtr.cu.obj
x64\debug\kdtree.cu.obj
c:\users\timothy.rubio\source\repos\mgpukde\x64\debug\mgpukde.exe
c:\users\timothy.rubio\source\repos\mgpukde\x64\debug\mgpukde.ilk
c:\users\timothy.rubio\source\repos\mgpukde\x64\debug\mgpukde.pdb
c:\users\timothy.rubio\source\repos\mgpukde\x64\debug\mgpukde.lib
c:\users\timothy.rubio\source\repos\mgpukde\x64\debug\mgpukde.exp
d:\mgpukde_project\mgpukde\x64\debug\cuda_kdtree.cu.cache
d:\mgpukde_project\mgpukde\x64\debug\kde_cuda_kdtr.cu.cache
d:\mgpukde_project\mgpukde\x64\debug\kde_kernel_kdtr.cu.cache
d:\mgpukde_project\mgpukde\x64\debug\kdtree.cu.cache
d:\mgpukde_project\mgpukde\x64\debug\cuda_kdtree.cu.obj
d:\mgpukde_project\mgpukde\x64\debug\kde_cuda_kdtr.cu.obj
d:\mgpukde_project\mgpukde\x64\debug\kdtree.cu.obj
d:\mgpukde_project\mgpukde\x64\debug\mgpukde.ilk
d:\mgpukde_project\mgpukde\x64\debug\mgpukde.exp
d:\mgpukde_project\mgpukde\x64\debug\mgpukde.pdb
d:\mgpukde_project\mgpukde\x64\debug\vc142.pdb
d:\mgpukde_project\mgpukde\x64\debug\seq.asc.aux.xml
d:\mgpukde_project\mgpukde\x64\debug\mgpukde.exe
d:\mgpukde_project\mgpukde\x64\debug\mgpukde.tlog\cudacompile.read.1u.tlog
d:\mgpukde_project\mgpukde\x64\debug\mgpukde.tlog\cudacompile.write.1u.tlog
d:\mgpukde_project\mgpukde\x64\debug\mgpukde.tlog\link.command.1.tlog
d:\mgpukde_project\mgpukde\x64\debug\mgpukde.tlog\link.read.1.tlog
d:\mgpukde_project\mgpukde\x64\debug\mgpukde.tlog\link.write.1.tlog
d:\mgpukde_project\mgpukde\x64\debug\mgpukde.tlog\mgpukde.write.1u.tlog
